{
  "RSpec": {
    "coverage": {
      "/vendor/app/helpers/application_helper.rb": [
        1,
        null
      ],
      "/vendor/app/controllers/companies_controller.rb": [
        1,
        1,
        2,
        null,
        null,
        1,
        2,
        2,
        1,
        null,
        1,
        1,
        null,
        null,
        null,
        1,
        2,
        null,
        null,
        1,
        null,
        1,
        2,
        null,
        null,
        null
      ],
      "/vendor/app/controllers/application_controller.rb": [
        1,
        1,
        null
      ],
      "/vendor/app/models/company.rb": [
        1,
        1,
        null
      ],
      "/vendor/app/models/application_record.rb": [
        1,
        1,
        null
      ],
      "/vendor/app/controllers/home_controller.rb": [
        1,
        1,
        null
      ],
      "/vendor/app/mailers/application_mailer.rb": [
        0,
        0,
        0,
        0
      ],
      "/vendor/app/channels/application_cable/channel.rb": [
        0,
        0,
        0,
        0
      ],
      "/vendor/app/channels/application_cable/connection.rb": [
        0,
        0,
        0,
        0
      ],
      "/vendor/app/jobs/application_job.rb": [
        0,
        0
      ]
    },
    "timestamp": 1484274076
  }
}
